<?xml version="1.0" encoding="UTF-8"?>
<!-- Generated by org.testng.reporters.JUnitReportReporter -->
<testsuite hostname="MyNoteBook.local" failures="0" tests="1" name="qaclickacademy.AppiumTest" time="0.007" errors="0" timestamp="2020-03-24T17:41:34 IST" skipped="0">
  <testcase classname="qaclickacademy.AppiumTest" name="MobileAutomate" time="0.007"/>
  <system-out/>
</testsuite> <!-- qaclickacademy.AppiumTest -->
