<?xml version="1.0" encoding="UTF-8"?>
<!-- Generated by org.testng.reporters.JUnitReportReporter -->
<testsuite hostname="MyNoteBook.local" failures="0" tests="1" name="qaclickacademy.AppiumTest" time="0.003" errors="0" timestamp="2020-03-25T20:59:25 IST" skipped="0">
  <testcase classname="qaclickacademy.AppiumTest" name="MobileAutomate" time="0.003"/>
  <system-out/>
</testsuite> <!-- qaclickacademy.AppiumTest -->
